<?xml version="1.0" encoding="UTF-8"?>
<testsuite xmlns:xsi="http://www.w3.org/2001/XMLSchema-instance" xsi:noNamespaceSchemaLocation="https://maven.apache.org/surefire/maven-surefire-plugin/xsd/surefire-test-report.xsd" name="com.lanqiao.netdisk.ApplicationTest" time="10.768" tests="4" errors="0" skipped="0" failures="0">
  <properties>
[...]
</properties>
  <testcase name="testmd5DigestAsHex" classname="com.lanqiao.netdisk.ApplicationTest" time="0.108"/>
  <testcase name="test1" classname="com.lanqiao.netdisk.ApplicationTest" time="0.277"/>
  <testcase name="test2" classname="com.lanqiao.netdisk.ApplicationTest" time="0.14"/>
  <testcase name="test3" classname="com.lanqiao.netdisk.ApplicationTest" time="0.005"/>
</testsuite>